Current configuration:
[NAME]		[DEFLT]	[VALUE]
-accumdir		C:\Users\hhedf\source\repos\pfe_accoustic_model\bwaccumdir\pfe_accoustic_model_buff_1,
-constE		3.0	3.000000e+00
-dcountfn		
-example	no	no
-fullvar	no	no
-help		no	no
-inmeanfn		
-inmixwfn		
-invarfn		
-meanfn			C:/Users/hhedf/source/repos/pfe_accoustic_model/model_parameters/pfe_accoustic_model.ci_cont/means
-mixwfn			C:/Users/hhedf/source/repos/pfe_accoustic_model/model_parameters/pfe_accoustic_model.ci_cont/mixture_weights
-mmie		no	no
-oaccumdir		
-regmatfn		
-tiedvar	no	no
-tmatfn			C:/Users/hhedf/source/repos/pfe_accoustic_model/model_parameters/pfe_accoustic_model.ci_cont/transition_matrices
-varfn			C:/Users/hhedf/source/repos/pfe_accoustic_model/model_parameters/pfe_accoustic_model.ci_cont/variances

INFO: main.c(207): Reading and accumulating counts from C:\Users\hhedf\source\repos\pfe_accoustic_model\bwaccumdir\pfe_accoustic_model_buff_1
INFO: s3mixw_io.c(117): Read C:\Users\hhedf\source\repos\pfe_accoustic_model\bwaccumdir\pfe_accoustic_model_buff_1/mixw_counts [9x1x1 array]
INFO: s3tmat_io.c(118): Read C:\Users\hhedf\source\repos\pfe_accoustic_model\bwaccumdir\pfe_accoustic_model_buff_1/tmat_counts [3x3x4 array]
INFO: s3gau_io.c(386): Read C:\Users\hhedf\source\repos\pfe_accoustic_model\bwaccumdir\pfe_accoustic_model_buff_1/gauden_counts with means with vars (2pass) [9x1x1 vector arrays]
INFO: main.c(321): -2passvar yes
INFO: main.c(391): Normalizing mean for n_mgau= 9, n_stream= 1, n_density= 1
INFO: main.c(414): Normalizing var
INFO: s3mixw_io.c(233): Wrote C:/Users/hhedf/source/repos/pfe_accoustic_model/model_parameters/pfe_accoustic_model.ci_cont/mixture_weights [9x1x1 array]
INFO: s3tmat_io.c(176): Wrote C:/Users/hhedf/source/repos/pfe_accoustic_model/model_parameters/pfe_accoustic_model.ci_cont/transition_matrices [3x3x4 array]
INFO: s3gau_io.c(228): Wrote C:/Users/hhedf/source/repos/pfe_accoustic_model/model_parameters/pfe_accoustic_model.ci_cont/means [9x1x1 array]
INFO: s3gau_io.c(228): Wrote C:/Users/hhedf/source/repos/pfe_accoustic_model/model_parameters/pfe_accoustic_model.ci_cont/variances [9x1x1 array]
Thu Apr 18 14:57:40 2019
Current Overall Likelihood Per Frame = -149.460677570093
Convergence ratio = 0.0768691588785373
Likelihoods have converged! Baum Welch training completed!
******************************TRAINING COMPLETE*************************
Thu Apr 18 14:57:40 2019
