Current configuration:
[NAME]		[DEFLT]		[VALUE]
-accumdir			C:/Users/hhedf/source/repos/pfe_accoustic_model/bwaccumdir/pfe_accoustic_model_buff_1
-agc		none		none
-agcthresh	2.0		2.000000e+00
-cepdir				C:/Users/hhedf/source/repos/pfe_accoustic_model/feat
-cepext		mfc		mfc
-ceplen		13		13
-cmn		live		batch
-cmninit	40,3,-1		40,3,-1
-ctlfn				C:/Users/hhedf/source/repos/pfe_accoustic_model/etc/pfe_accoustic_model_train.fileids
-dictfn				
-example	no		no
-fdictfn			
-feat		1s_c_d_dd	1s_c_d_dd
-fullvar	no		no
-help		no		no
-lda				
-ldadim		0		0
-lsnfn				
-meanfn				C:\Users\hhedf\source\repos\pfe_accoustic_model\model_parameters\pfe_accoustic_model.ci_cont_flatinitial\globalmean
-moddeffn			
-npart				1
-nskip				0
-part				1
-runlen				0
-scaleseg	no		no
-segdir				
-segext		v8_seg		v8_seg
-svspec				
-ts2cbfn			
-varnorm	no		no

INFO: feat.c(715): Initializing feature stream to type: '1s_c_d_dd', ceplen=13, CMN='batch', VARNORM='no', AGC='none'
INFO: corpus.c(1062): Will process all remaining utts starting at 0
INFO: init_gau.c(145): Computing 1x1x1 variance estimates
INFO: s3gau_io.c(169): Read C:\Users\hhedf\source\repos\pfe_accoustic_model\model_parameters\pfe_accoustic_model.ci_cont_flatinitial\globalmean [1x1x1 array]
INFO: cmn.c(133): CMN: 48.28 -9.78  1.55 -0.56  3.18 11.52 -6.42 -6.60  1.21  8.39  0.99  4.57  1.71 
INFO: cmn.c(133): CMN: 51.56 -6.49 -3.58  1.36  5.48  4.22 -11.57 -8.60  4.63 11.71  2.71 -0.35  0.89 
INFO: s3gau_io.c(485): Wrote C:/Users/hhedf/source/repos/pfe_accoustic_model/bwaccumdir/pfe_accoustic_model_buff_1/gauden_counts with vars (2pass) [1x1x1 vector arrays]
Thu Apr 18 14:57:38 2019
