Current configuration:
[NAME]		[DEFLT]	[VALUE]
-example	no	no
-help		no	no
-mixwfn			C:\Users\hhedf\source\repos\pfe_accoustic_model\model_parameters\pfe_accoustic_model.ci_cont_flatinitial\mixture_weights
-moddeffn		C:/Users/hhedf/source/repos/pfe_accoustic_model/model_architecture/pfe_accoustic_model.ci.mdef
-ndensity	256	1
-nstream	4	1
-tmatfn			C:\Users\hhedf\source\repos\pfe_accoustic_model\model_parameters\pfe_accoustic_model.ci_cont_flatinitial\transition_matrices
-topo			C:/Users/hhedf/source/repos/pfe_accoustic_model/model_architecture/pfe_accoustic_model.topology

INFO: model_def_io.c(573): Model definition info:
INFO: model_def_io.c(574): 3 total models defined (3 base, 0 tri)
INFO: model_def_io.c(575): 12 total states
INFO: model_def_io.c(576): 9 total tied states
INFO: model_def_io.c(577): 9 total tied CI states
INFO: model_def_io.c(578): 3 total tied transition matrices
INFO: model_def_io.c(579): 4 max state/model
INFO: model_def_io.c(580): 4 min state/model
INFO: s3tmat_io.c(176): Wrote C:\Users\hhedf\source\repos\pfe_accoustic_model\model_parameters\pfe_accoustic_model.ci_cont_flatinitial\transition_matrices [3x3x4 array]
INFO: s3mixw_io.c(233): Wrote C:\Users\hhedf\source\repos\pfe_accoustic_model\model_parameters\pfe_accoustic_model.ci_cont_flatinitial\mixture_weights [9x1x1 array]
C:\Users\hhedf\source\repos\sphinxtrain\src\programs\mk_flat\main.c(83): Reading model definition file C:/Users/hhedf/source/repos/pfe_accoustic_model/model_architecture/pfe_accoustic_model.ci.mdef
C:\Users\hhedf\source\repos\sphinxtrain\src\programs\mk_flat\main.c(90): 3 models defined
Thu Apr 18 14:57:38 2019
