Current configuration:
[NAME]		[DEFLT]	[VALUE]
-accumdir		C:/Users/hhedf/source/repos/pfe_accoustic_model/bwaccumdir/pfe_accoustic_model_buff_1,
-constE		3.0	3.000000e+00
-dcountfn		
-example	no	no
-fullvar	no	no
-help		no	no
-inmeanfn		
-inmixwfn		
-invarfn		
-meanfn			
-mixwfn			
-mmie		no	no
-oaccumdir		
-regmatfn		
-tiedvar	no	no
-tmatfn			
-varfn			C:\Users\hhedf\source\repos\pfe_accoustic_model\model_parameters\pfe_accoustic_model.ci_cont_flatinitial\globalvar

INFO: main.c(147): No -mixwfn specified, will skip if any
INFO: main.c(150): No -tmatfn specified, will skip if any
INFO: main.c(153): No -meanfn specified, will skip if any
INFO: main.c(207): Reading and accumulating counts from C:/Users/hhedf/source/repos/pfe_accoustic_model/bwaccumdir/pfe_accoustic_model_buff_1
INFO: s3gau_io.c(386): Read C:/Users/hhedf/source/repos/pfe_accoustic_model/bwaccumdir/pfe_accoustic_model_buff_1/gauden_counts with vars (2pass) [1x1x1 vector arrays]
INFO: main.c(321): -2passvar yes
INFO: main.c(414): Normalizing var
INFO: s3gau_io.c(228): Wrote C:\Users\hhedf\source\repos\pfe_accoustic_model\model_parameters\pfe_accoustic_model.ci_cont_flatinitial\globalvar [1x1x1 array]
Thu Apr 18 14:57:38 2019
