INFO: pocketsphinx.c(153): Parsed model-specific feature parameters from C:/Users/hhedf/source/repos/pfe_accoustic_model/model_parameters/pfe_accoustic_model.ci_cont/feat.params
Current configuration:
[NAME]			[DEFLT]		[VALUE]
-agc			none		none
-agcthresh		2.0		2.000000e+00
-allphone				
-allphone_ci		yes		yes
-alpha			0.97		9.700000e-01
-ascale			20.0		2.000000e+01
-aw			1		1
-backtrace		no		no
-beam			1e-48		1.000000e-80
-bestpath		yes		yes
-bestpathlw		9.5		1.000000e+01
-ceplen			13		13
-cmn			live		batch
-cmninit		40,3,-1		40,3,-1
-compallsen		no		no
-dict					C:/Users/hhedf/source/repos/pfe_accoustic_model/etc/pfe_accoustic_model.dic
-dictcase		no		no
-dither			no		no
-doublebw		no		no
-ds			1		1
-fdict					
-feat			1s_c_d_dd	1s_c_d_dd
-featparams				
-fillprob		1e-8		1.000000e-08
-frate			100		100
-fsg					
-fsgusealtpron		yes		yes
-fsgusefiller		yes		yes
-fwdflat		yes		yes
-fwdflatbeam		1e-64		1.000000e-80
-fwdflatefwid		4		4
-fwdflatlw		8.5		1.000000e+01
-fwdflatsfwin		25		25
-fwdflatwbeam		7e-29		1.000000e-40
-fwdtree		yes		yes
-hmm					C:/Users/hhedf/source/repos/pfe_accoustic_model/model_parameters/pfe_accoustic_model.ci_cont
-input_endian		little		little
-jsgf					
-keyphrase				
-kws					
-kws_delay		10		10
-kws_plp		1e-1		1.000000e-01
-kws_threshold		1e-30		1.000000e-30
-latsize		5000		5000
-lda					
-ldadim			0		0
-lifter			0		22
-lm					C:/Users/hhedf/source/repos/pfe_accoustic_model/etc/pfe_accoustic_model.lm.DMP
-lmctl					
-lmname					
-logbase		1.0001		1.000100e+00
-logfn					
-logspec		no		no
-lowerf			133.33334	1.300000e+02
-lpbeam			1e-40		1.000000e-80
-lponlybeam		7e-29		1.000000e-80
-lw			6.5		1.000000e+01
-maxhmmpf		30000		30000
-maxwpf			-1		-1
-mdef					
-mean					
-mfclogdir				
-min_endfr		0		0
-mixw					
-mixwfloor		0.0000001	1.000000e-07
-mllr					
-mmap			yes		yes
-ncep			13		13
-nfft			512		512
-nfilt			40		25
-nwpen			1.0		1.000000e+00
-pbeam			1e-48		1.000000e-80
-pip			1.0		1.000000e+00
-pl_beam		1e-10		1.000000e-10
-pl_pbeam		1e-10		1.000000e-10
-pl_pip			1.0		1.000000e+00
-pl_weight		3.0		3.000000e+00
-pl_window		5		5
-rawlogdir				
-remove_dc		no		no
-remove_noise		yes		yes
-remove_silence		yes		yes
-round_filters		yes		yes
-samprate		16000		1.600000e+04
-seed			-1		-1
-sendump				
-senlogdir				
-senmgau				
-silprob		0.005		5.000000e-03
-smoothspec		no		no
-svspec					
-tmat					
-tmatfloor		0.0001		1.000000e-04
-topn			4		4
-topn_beam		0		0
-toprule				
-transform		legacy		dct
-unit_area		yes		yes
-upperf			6855.4976	6.800000e+03
-uw			1.0		1.000000e+00
-vad_postspeech		50		50
-vad_prespeech		20		20
-vad_startspeech	10		10
-vad_threshold		3.0		3.000000e+00
-var					
-varfloor		0.0001		1.000000e-04
-varnorm		no		no
-verbose		no		no
-warp_params				
-warp_type		inverse_linear	inverse_linear
-wbeam			7e-29		1.000000e-40
-wip			0.65		2.000000e-01
-wlen			0.025625	2.562500e-02

INFO: feat.c(715): Initializing feature stream to type: '1s_c_d_dd', ceplen=13, CMN='batch', VARNORM='no', AGC='none'
INFO: mdef.c(518): Reading model definition: C:/Users/hhedf/source/repos/pfe_accoustic_model/model_parameters/pfe_accoustic_model.ci_cont/mdef
INFO: bin_mdef.c(181): Allocating 16 * 8 bytes (0 KiB) for CD tree
INFO: tmat.c(149): Reading HMM transition probability matrices: C:/Users/hhedf/source/repos/pfe_accoustic_model/model_parameters/pfe_accoustic_model.ci_cont/transition_matrices
INFO: acmod.c(113): Attempting to use PTM computation module
INFO: ms_gauden.c(127): Reading mixture gaussian parameter: C:/Users/hhedf/source/repos/pfe_accoustic_model/model_parameters/pfe_accoustic_model.ci_cont/means
INFO: ms_gauden.c(242): 9 codebook, 1 feature, size: 
INFO: ms_gauden.c(244):  1x39
INFO: ms_gauden.c(127): Reading mixture gaussian parameter: C:/Users/hhedf/source/repos/pfe_accoustic_model/model_parameters/pfe_accoustic_model.ci_cont/variances
INFO: ms_gauden.c(242): 9 codebook, 1 feature, size: 
INFO: ms_gauden.c(244):  1x39
INFO: ms_gauden.c(304): 0 variance values floored
INFO: ptm_mgau.c(807): Number of codebooks doesn't match number of ciphones, doesn't look like PTM: 9 != 3
INFO: acmod.c(115): Attempting to use semi-continuous computation module
INFO: ms_gauden.c(127): Reading mixture gaussian parameter: C:/Users/hhedf/source/repos/pfe_accoustic_model/model_parameters/pfe_accoustic_model.ci_cont/means
INFO: ms_gauden.c(242): 9 codebook, 1 feature, size: 
INFO: ms_gauden.c(244):  1x39
INFO: ms_gauden.c(127): Reading mixture gaussian parameter: C:/Users/hhedf/source/repos/pfe_accoustic_model/model_parameters/pfe_accoustic_model.ci_cont/variances
INFO: ms_gauden.c(242): 9 codebook, 1 feature, size: 
INFO: ms_gauden.c(244):  1x39
INFO: ms_gauden.c(304): 0 variance values floored
INFO: acmod.c(117): Falling back to general multi-stream GMM computation
INFO: ms_gauden.c(127): Reading mixture gaussian parameter: C:/Users/hhedf/source/repos/pfe_accoustic_model/model_parameters/pfe_accoustic_model.ci_cont/means
INFO: ms_gauden.c(242): 9 codebook, 1 feature, size: 
INFO: ms_gauden.c(244):  1x39
INFO: ms_gauden.c(127): Reading mixture gaussian parameter: C:/Users/hhedf/source/repos/pfe_accoustic_model/model_parameters/pfe_accoustic_model.ci_cont/variances
INFO: ms_gauden.c(242): 9 codebook, 1 feature, size: 
INFO: ms_gauden.c(244):  1x39
INFO: ms_gauden.c(304): 0 variance values floored
INFO: ms_senone.c(149): Reading senone mixture weights: C:/Users/hhedf/source/repos/pfe_accoustic_model/model_parameters/pfe_accoustic_model.ci_cont/mixture_weights
INFO: ms_senone.c(200): Truncating senone logs3(pdf) values by 10 bits
INFO: ms_senone.c(207): Not transposing mixture weights in memory
INFO: ms_senone.c(268): Read mixture weights for 9 senones: 1 features x 1 codewords
INFO: ms_senone.c(320): Mapping senones to individual codebooks
INFO: ms_mgau.c(144): The value of topn: 4
WARN: "ms_mgau.c", line 148: -topn argument (4) invalid or > #density codewords (1); set to latter
INFO: phone_loop_search.c(114): State beam -225 Phone exit beam -225 Insertion penalty 0
INFO: dict.c(320): Allocating 4101 * 20 bytes (80 KiB) for word entries
INFO: dict.c(333): Reading main dictionary: C:/Users/hhedf/source/repos/pfe_accoustic_model/etc/pfe_accoustic_model.dic
INFO: dict.c(213): Dictionary size 2, allocated 0 KiB for strings, 0 KiB for phones
INFO: dict.c(336): 2 words read
INFO: dict.c(358): Reading filler dictionary: C:/Users/hhedf/source/repos/pfe_accoustic_model/model_parameters/pfe_accoustic_model.ci_cont/noisedict
INFO: dict.c(213): Dictionary size 5, allocated 0 KiB for strings, 0 KiB for phones
INFO: dict.c(361): 3 words read
INFO: dict2pid.c(396): Building PID tables for dictionary
INFO: dict2pid.c(406): Allocating 3^3 * 2 bytes (0 KiB) for word-initial triphones
INFO: dict2pid.c(132): Allocated 120 bytes (0 KiB) for word-final triphones
INFO: dict2pid.c(196): Allocated 120 bytes (0 KiB) for single-phone word triphones
INFO: ngram_model_trie.c(354): Trying to read LM in trie binary format
INFO: ngram_model_trie.c(365): Header doesn't match
INFO: ngram_model_trie.c(177): Trying to read LM in arpa format
INFO: ngram_model_trie.c(193): LM of order 3
INFO: ngram_model_trie.c(195): #1-grams: 4
INFO: ngram_model_trie.c(195): #2-grams: 4
INFO: ngram_model_trie.c(195): #3-grams: 2
INFO: lm_trie.c(474): Training quantizer
INFO: lm_trie.c(482): Building LM trie
INFO: ngram_search_fwdtree.c(74): Initializing search tree
INFO: ngram_search_fwdtree.c(101): 0 unique initial diphones
INFO: ngram_search_fwdtree.c(186): Creating search channels
INFO: ngram_search_fwdtree.c(323): Max nonroot chan increased to 128
INFO: ngram_search_fwdtree.c(333): Created 0 root, 0 non-root channels, 5 single-phone words
INFO: ngram_search_fwdflat.c(157): fwdflat: min_ef_width = 4, max_sf_win = 25
INFO: batch.c(815): Decoding 'speaker_1/assoulahfatou'
INFO: cmn.c(133): CMN: 48.28 -9.78  1.55 -0.56  3.18 11.52 -6.42 -6.60  1.21  8.39  0.99  4.57  1.71 
INFO: ngram_search_fwdtree.c(1550):      424 words recognized (2/fr)
INFO: ngram_search_fwdtree.c(1552):     1419 senones evaluated (7/fr)
INFO: ngram_search_fwdtree.c(1556):      762 channels searched (3/fr), 0 1st, 762 last
INFO: ngram_search_fwdtree.c(1559):      762 words for which last channels evaluated (3/fr)
INFO: ngram_search_fwdtree.c(1561):        0 candidate words for entering last phone (0/fr)
INFO: ngram_search_fwdtree.c(1564): fwdtree 0.00 CPU 0.000 xRT
INFO: ngram_search_fwdtree.c(1567): fwdtree 0.00 wall 0.000 xRT
INFO: ngram_search_fwdflat.c(302): Utterance vocabulary contains 4 words
INFO: ngram_search_fwdflat.c(948):      451 words recognized (2/fr)
INFO: ngram_search_fwdflat.c(950):     1098 senones evaluated (5/fr)
INFO: ngram_search_fwdflat.c(952):      780 channels searched (3/fr)
INFO: ngram_search_fwdflat.c(954):      780 words searched (3/fr)
INFO: ngram_search_fwdflat.c(957):      176 word transitions (0/fr)
INFO: ngram_search_fwdflat.c(960): fwdflat 0.00 CPU 0.000 xRT
INFO: ngram_search_fwdflat.c(963): fwdflat 0.00 wall 0.000 xRT
INFO: ngram_search.c(1250): lattice start node <s>.0 end node </s>.144
INFO: ngram_search.c(1276): Eliminated 0 nodes before end node
INFO: ngram_search.c(1381): Lattice has 61 nodes, 52 links
INFO: ps_lattice.c(1376): Bestpath score: -2128
INFO: ps_lattice.c(1380): Normalizer P(O) = alpha(</s>:144:214) = -116321
INFO: ps_lattice.c(1437): Joint P(O,S) = -121705 P(S|O) = -5384
INFO: ngram_search.c(872): bestpath 0.02 CPU 0.007 xRT
INFO: ngram_search.c(875): bestpath 0.00 wall 0.000 xRT
INFO: batch.c(849): speaker_1/assoulahfatou: 2.15 seconds speech, 0.02 seconds CPU, 0.00 seconds wall
INFO: batch.c(851): speaker_1/assoulahfatou: 0.01 xRT (CPU), 0.00 xRT (elapsed)
السلحفاة (speaker_1/assoulahfatou -2207)
speaker_1/assoulahfatou done --------------------------------------
INFO: batch.c(815): Decoding 'speaker_1/athoulahfatou'
INFO: cmn.c(133): CMN: 51.56 -6.49 -3.58  1.36  5.48  4.22 -11.57 -8.60  4.63 11.71  2.71 -0.35  0.89 
INFO: ngram_search_fwdtree.c(1550):      405 words recognized (2/fr)
INFO: ngram_search_fwdtree.c(1552):     1641 senones evaluated (8/fr)
INFO: ngram_search_fwdtree.c(1556):      820 channels searched (3/fr), 0 1st, 820 last
INFO: ngram_search_fwdtree.c(1559):      820 words for which last channels evaluated (3/fr)
INFO: ngram_search_fwdtree.c(1561):        0 candidate words for entering last phone (0/fr)
INFO: ngram_search_fwdtree.c(1564): fwdtree 0.00 CPU 0.000 xRT
INFO: ngram_search_fwdtree.c(1567): fwdtree 0.00 wall 0.000 xRT
INFO: ngram_search_fwdflat.c(302): Utterance vocabulary contains 4 words
INFO: ngram_search_fwdflat.c(948):      440 words recognized (2/fr)
INFO: ngram_search_fwdflat.c(950):     1191 senones evaluated (6/fr)
INFO: ngram_search_fwdflat.c(952):      817 channels searched (3/fr)
INFO: ngram_search_fwdflat.c(954):      817 words searched (3/fr)
INFO: ngram_search_fwdflat.c(957):      176 word transitions (0/fr)
INFO: ngram_search_fwdflat.c(960): fwdflat 0.00 CPU 0.000 xRT
INFO: ngram_search_fwdflat.c(963): fwdflat 0.00 wall 0.000 xRT
INFO: ngram_search.c(1250): lattice start node <s>.0 end node </s>.155
INFO: ngram_search.c(1276): Eliminated 0 nodes before end node
INFO: ngram_search.c(1381): Lattice has 30 nodes, 8 links
INFO: ps_lattice.c(1376): Bestpath score: -1210
INFO: ps_lattice.c(1380): Normalizer P(O) = alpha(</s>:155:212) = -87555
INFO: ps_lattice.c(1437): Joint P(O,S) = -90115 P(S|O) = -2560
INFO: ngram_search.c(872): bestpath 0.00 CPU 0.000 xRT
INFO: ngram_search.c(875): bestpath 0.00 wall 0.000 xRT
INFO: batch.c(849): speaker_1/athoulahfatou: 2.13 seconds speech, 0.00 seconds CPU, 0.00 seconds wall
INFO: batch.c(851): speaker_1/athoulahfatou: 0.00 xRT (CPU), 0.00 xRT (elapsed)
الثلحفاة (speaker_1/athoulahfatou -1590)
speaker_1/athoulahfatou done --------------------------------------
INFO: batch.c(867): TOTAL 4.28 seconds speech, 0.02 seconds CPU, 0.01 seconds wall
INFO: batch.c(869): AVERAGE 0.00 xRT (CPU), 0.00 xRT (elapsed)
INFO: ngram_search_fwdtree.c(429): TOTAL fwdtree 0.00 CPU 0.000 xRT
INFO: ngram_search_fwdtree.c(432): TOTAL fwdtree 0.00 wall 0.000 xRT
INFO: ngram_search_fwdflat.c(176): TOTAL fwdflat 0.00 CPU 0.000 xRT
INFO: ngram_search_fwdflat.c(179): TOTAL fwdflat 0.00 wall 0.000 xRT
INFO: ngram_search.c(303): TOTAL bestpath 0.02 CPU 0.004 xRT
INFO: ngram_search.c(306): TOTAL bestpath 0.00 wall 0.000 xRT
Thu Apr 18 14:57:42 2019
